Exporting package to 'D:\Java\workspace-android\Yacamim_model\Yacamim.xmi'
Retrieving data for export: diagram elements
Retrieving data for export: links
Retrieving data for export: constraints
Retrieving data for export: attribute tagged values
Retrieving data for export: operation tagged values
Retrieving data for export: operation parameter tagged values
Retrieving data for export: connector tagged values
Completed data retrieval
Pre-processing export tree...
Completed pre-processing
Processing package: Yacamim
Element:0: Yacamim Deployment Model
Element:1: Yacamim Class Model
Element:2: Yacamim Test Model
Element:3: Yacamim Maintenance Model
Element:4: Yacamim Component Model
Processing package: Yacamim Class Model
Element:5: 
Element:6: Framework
Element:7: $help://classdiagram.htm
Element:8: $help://class_model_pattern.htm
Element:9: Note
Element:10: System
Element:11: 
Diagram: Class Model
Processing package: System
Element:12: Class2
Element:13: Interface1
Element:14: Class1
Element:15: Class3
Diagram: System
Processing package: Framework
Element:16: 
Element:17: 
Element:18: 
Element:19: 
Element:20: br
Diagram: Framework
Processing package: br
Element:21: org
Processing package: org
Element:22: yacamim
Processing package: yacamim
Element:23: PopupMenuItem
Element:24: BaseActivity
Element:25: ssl
Element:26: BaseAsyncTask
Element:27: email
Element:28: ui
Element:29: ThreadResponseHandler
Element:30: MenuBaseActivity
Element:31: YacamimState
Element:32: BaseListActivity
Element:33: persistence
Element:34: xml
Element:35: YacamimResources
Element:36: entity
Element:37: PopupMenuBaseActivity
Element:38: BaseLocationListener
Element:39: util
Diagram: yacamim
Processing package: email
Element:40: Mail
Diagram: email
Processing package: entity
Element:41: User
Element:42: BaseEntity
Element:43: ServiceURL
Element:44: Preferences
Element:45: GpsLocationInfo
Element:46: Session
Element:47: DeviceInfo
Element:48: DbScript
Diagram: entity
Processing package: persistence
Element:49: UserDBAdapter
Element:50: PreferencesAdapter
Element:51: FactoryDatabase
Element:52: Table
Element:53: OneToMany
Element:54: ManyToMany
Element:55: OneToOne
Element:56: Transiente
Element:57: ManyToOne
Element:58: Entity
Element:59: Column
Element:60: PK
Element:61: DefaultDBHelper
Element:62: SessionDBAdapter
Element:63: DefaultDBAdapter
Diagram: persistence
Processing package: ssl
Element:64: 
Element:65: HttpClient
Element:66: EasyX509TrustManager
Element:67: EasySSLSocketFactory
Diagram: ssl
Processing package: ui
Element:68: componentes
Processing package: componentes
Element:69: InteractionConfig
Element:70: BaseDatePickerDialog
Element:71: TextWatcherFormatter
Element:72: RowConfig
Element:73: ValueTableRow
Element:74: DefaultAlertDialogBuilder
Element:75: AdapterConfig
Element:76: RowConfigItem
Element:77: ComplexListSimpleAdapter
Element:78: RowCondition
Element:79: BaseOnTimeSetListener
Element:80: TextListSimpleAdapter
Element:81: Condition
Element:82: BaseOnDateSetListener
Element:83: BaseTimePickerDialog
Element:84: TabSphereController
Diagram: componentes
Processing package: util
Element:85: JSONDictionary
Element:86: UtilFileDisplayer
Element:87: UtilCryptographic
Element:88: UtilText
Element:89: UtilString
Element:90: UtilUIFields
Element:91: UtilIO
Element:92: UtilAndroid
Element:93: JSONRPCBuilder
Element:94: UtilObject
Element:95: Constants
Element:96: UtilDate
Element:97: UtilJSONDictionary
Element:98: UtilReflection
Element:99: UtilValidations
Element:100: UtilFormatting
Element:101: UtilListView
Element:102: YacamimClassMapping
Element:103: UtilJsonHandler
Element:104: KeyValuePair
Element:105: EnumMimeType
Diagram: util
Processing package: xml
Element:106: DefaultXmlElements
Element:107: DefaultDataServiceHandler
Diagram: xml
Processing package: Yacamim Component Model
Element:108: 
Element:109: Components
Element:110: Internal Structures
Element:111: 
Element:112: 
Element:113: $help://componentdiagram.htm
Element:114: $help://component_model_pattern.htm
Element:115: Connections
Element:116: Note
Diagram: Component Model
Processing package: Components
Element:117: Component1
Element:118: RequiredInterface
Element:119: Component2
Element:120: Part1
Element:121: ProvidedInterface1
Diagram: Components
Processing package: Connections
Element:122: 
Element:123: Note
Element:124: 
Diagram: Connections
Processing package: Internal Structures
Element:125: 
Element:126: Note
Diagram: Internal Structures
Processing package: Yacamim Deployment Model
Element:127: $help://deployment_model_pattern.htm
Element:128: 
Element:129: Artifacts
Element:130: Topology
Element:131: 
Element:132: Note
Element:133: $help://deploymentdiagram.htm
Element:134: 
Element:135: Nodes
Diagram: Deployment Model
Processing package: Nodes
Element:136: Devices
Element:137: Clients
Element:138: Servers
Diagram: Nodes
Processing package: Clients
Diagram: Clients
Processing package: Devices
Diagram: Devices
Processing package: Servers
Diagram: Servers
Processing package: Artifacts
Diagram: Artifacts
Processing package: Topology
Diagram: Network
Processing package: Yacamim Test Model
Element:139: Test Case1
Element:140: $help://testing_model_pattern.htm
Element:141: Test Plans
Element:142: Note
Element:143: Test Cases
Diagram: Test Model
Processing package: Test Plans
Element:144: Master Test Plan
Diagram: Test Plans
Processing package: Test Cases
Processing package: Yacamim Maintenance Model
Element:145: $help://maintenance_model_pattern.htm
Element:146: Note
Element:147: Version
Diagram: Maintenance
Processing package: Version
Element:148: Build
Processing package: Build
Formatting output XML...please wait
XMI Document Export Complete!
